Start testing: Dec 18 16:29 CST
----------------------------------------------------------
1/1 Testing: PalindromicTests
1/1 Test: PalindromicTests
Command: "/home/hanyuanfei/room/da/build/ListAndArray/PalindromicTests"
Directory: /home/hanyuanfei/room/da/build
"PalindromicTests" start time: Dec 18 16:29 CST
Output:
----------------------------------------------------------
Running main() from /build/googletest-j5yxiC/googletest-1.10.0/googletest/src/gtest_main.cc
Note: Google Test filter = WhetherPalindromicStringTest.Palindrome*
[==========] Running 2 tests from 1 test suite.
[----------] Global test environment set-up.
[----------] 2 tests from WhetherPalindromicStringTest
[ RUN      ] WhetherPalindromicStringTest.PalindromeOddLength
[       OK ] WhetherPalindromicStringTest.PalindromeOddLength (0 ms)
[ RUN      ] WhetherPalindromicStringTest.PalindromeEvenLength
[       OK ] WhetherPalindromicStringTest.PalindromeEvenLength (0 ms)
[----------] 2 tests from WhetherPalindromicStringTest (0 ms total)

[----------] Global test environment tear-down
[==========] 2 tests from 1 test suite ran. (0 ms total)
[  PASSED  ] 2 tests.
<end of output>
Test time =   0.00 sec
----------------------------------------------------------
Test Passed.
"PalindromicTests" end time: Dec 18 16:29 CST
"PalindromicTests" time elapsed: 00:00:00
----------------------------------------------------------

End testing: Dec 18 16:29 CST
