TN:
SF:/usr/include/c++/9/bits/stl_iterator_base_types.h
FN:205,_ZSt19__iterator_categoryIPcENSt15iterator_traitsIT_E17iterator_categoryERKS2_
FNDA:0,_ZSt19__iterator_categoryIPcENSt15iterator_traitsIT_E17iterator_categoryERKS2_
FN:205,_ZSt19__iterator_categoryIPKcENSt15iterator_traitsIT_E17iterator_categoryERKS3_
FNDA:0,_ZSt19__iterator_categoryIPKcENSt15iterator_traitsIT_E17iterator_categoryERKS3_
DA:205,0
DA:206,0
DA:205,0
DA:206,0
end_of_record
SF:/usr/include/c++/9/bits/basic_string.h
FN:247,_ZNSt7__cxx1112basic_stringIcSt11char_traitsIcESaIcEE16_M_construct_auxIPcEEvT_S7_St12__false_type
FNDA:0,_ZNSt7__cxx1112basic_stringIcSt11char_traitsIcESaIcEE16_M_construct_auxIPcEEvT_S7_St12__false_type
FN:247,_ZNSt7__cxx1112basic_stringIcSt11char_traitsIcESaIcEE16_M_construct_auxIPKcEEvT_S8_St12__false_type
FNDA:0,_ZNSt7__cxx1112basic_stringIcSt11char_traitsIcESaIcEE16_M_construct_auxIPKcEEvT_S8_St12__false_type
FN:267,_ZNSt7__cxx1112basic_stringIcSt11char_traitsIcESaIcEE12_M_constructIPcEEvT_S7_
FNDA:0,_ZNSt7__cxx1112basic_stringIcSt11char_traitsIcESaIcEE12_M_constructIPcEEvT_S7_
FN:267,_ZNSt7__cxx1112basic_stringIcSt11char_traitsIcESaIcEE12_M_constructIPKcEEvT_S8_
FNDA:0,_ZNSt7__cxx1112basic_stringIcSt11char_traitsIcESaIcEE12_M_constructIPKcEEvT_S8_
DA:247,0
DA:251,0
BRDA:251,0,0,-
BRDA:251,0,1,-
DA:252,0
DA:247,0
DA:251,0
BRDA:251,0,0,-
BRDA:251,0,1,-
DA:252,0
DA:267,0
DA:270,0
BRDA:270,0,0,-
BRDA:270,0,1,-
DA:271,0
DA:267,0
DA:270,0
BRDA:270,0,0,-
BRDA:270,0,1,-
DA:271,0
end_of_record
SF:/usr/include/gtest/internal/gtest-internal.h
FN:442,_ZN7testing8internal15TestFactoryBaseD0Ev
FNDA:0,_ZN7testing8internal15TestFactoryBaseD0Ev
FN:442,_ZN7testing8internal15TestFactoryBaseD2Ev
FNDA:7,_ZN7testing8internal15TestFactoryBaseD2Ev
FN:449,_ZN7testing8internal15TestFactoryBaseC2Ev
FNDA:7,_ZN7testing8internal15TestFactoryBaseC2Ev
FN:460,_ZN7testing8internal15TestFactoryImplI45WhetherPalindromicStringTest_EmptyString_TestE10CreateTestEv
FNDA:0,_ZN7testing8internal15TestFactoryImplI45WhetherPalindromicStringTest_EmptyString_TestE10CreateTestEv
FN:460,_ZN7testing8internal15TestFactoryImplI53WhetherPalindromicStringTest_PalindromeOddLength_TestE10CreateTestEv
FNDA:1,_ZN7testing8internal15TestFactoryImplI53WhetherPalindromicStringTest_PalindromeOddLength_TestE10CreateTestEv
FN:460,_ZN7testing8internal15TestFactoryImplI54WhetherPalindromicStringTest_PalindromeEvenLength_TestE10CreateTestEv
FNDA:1,_ZN7testing8internal15TestFactoryImplI54WhetherPalindromicStringTest_PalindromeEvenLength_TestE10CreateTestEv
FN:460,_ZN7testing8internal15TestFactoryImplI47WhetherPalindromicStringTest_NotPalindrome_TestE10CreateTestEv
FNDA:0,_ZN7testing8internal15TestFactoryImplI47WhetherPalindromicStringTest_NotPalindrome_TestE10CreateTestEv
FN:460,_ZN7testing8internal15TestFactoryImplI49WhetherPalindromicStringTest_SingleCharacter_TestE10CreateTestEv
FNDA:0,_ZN7testing8internal15TestFactoryImplI49WhetherPalindromicStringTest_SingleCharacter_TestE10CreateTestEv
FN:460,_ZN7testing8internal15TestFactoryImplI53WhetherPalindromicStringTest_MixedCasePalindrome_TestE10CreateTestEv
FNDA:0,_ZN7testing8internal15TestFactoryImplI53WhetherPalindromicStringTest_MixedCasePalindrome_TestE10CreateTestEv
FN:460,_ZN7testing8internal15TestFactoryImplI53WhetherPalindromicStringTest_WithOtherCharacters_TestE10CreateTestEv
FNDA:0,_ZN7testing8internal15TestFactoryImplI53WhetherPalindromicStringTest_WithOtherCharacters_TestE10CreateTestEv
FN:481,_ZN7testing8internal12CodeLocationC2ERKNSt7__cxx1112basic_stringIcSt11char_traitsIcESaIcEEEi
FNDA:7,_ZN7testing8internal12CodeLocationC2ERKNSt7__cxx1112basic_stringIcSt11char_traitsIcESaIcEEEi
FN:494,_ZN7testing8internal19GetNotDefaultOrNullEPFvvES2_
FNDA:28,_ZN7testing8internal19GetNotDefaultOrNullEPFvvES2_
FN:509,_ZN7testing8internal16SuiteApiResolverINS_4TestEE19GetSetUpCaseOrSuiteEPKci
FNDA:7,_ZN7testing8internal16SuiteApiResolverINS_4TestEE19GetSetUpCaseOrSuiteEPKci
FN:524,_ZN7testing8internal16SuiteApiResolverINS_4TestEE22GetTearDownCaseOrSuiteEPKci
FNDA:7,_ZN7testing8internal16SuiteApiResolverINS_4TestEE22GetTearDownCaseOrSuiteEPKci
DA:442,0
DA:442,7
DA:449,7
DA:460,0
BRDA:460,0,0,-
BRDA:460,0,1,-
DA:460,1
BRDA:460,0,0,1
BRDA:460,0,1,0
DA:460,1
BRDA:460,0,0,1
BRDA:460,0,1,0
DA:460,0
BRDA:460,0,0,-
BRDA:460,0,1,-
DA:460,0
BRDA:460,0,0,-
BRDA:460,0,1,-
DA:460,0
BRDA:460,0,0,-
BRDA:460,0,1,-
DA:460,0
BRDA:460,0,0,-
BRDA:460,0,1,-
DA:481,7
DA:482,7
DA:494,28
DA:496,28
BRDA:496,0,0,0
BRDA:496,0,1,28
DA:509,7
DA:512,7
DA:514,7
DA:516,7
BRDA:516,0,0,0
BRDA:516,0,1,7
BRDA:516,0,2,0
BRDA:516,0,3,0
BRDA:516,0,4,0
BRDA:516,0,5,7
DA:519,0
BRDA:519,0,0,-
BRDA:519,0,1,-
BRDA:519,0,2,-
BRDA:519,0,3,-
BRDA:519,0,4,-
BRDA:519,0,5,-
BRDA:519,0,6,-
BRDA:519,0,7,-
BRDA:519,0,8,-
BRDA:519,0,9,-
DA:521,7
BRDA:521,0,0,0
BRDA:521,0,1,7
DA:524,7
DA:527,7
DA:529,7
DA:531,7
BRDA:531,0,0,0
BRDA:531,0,1,7
BRDA:531,0,2,0
BRDA:531,0,3,0
BRDA:531,0,4,0
BRDA:531,0,5,7
DA:534,0
BRDA:534,0,0,-
BRDA:534,0,1,-
BRDA:534,0,2,-
BRDA:534,0,3,-
BRDA:534,0,4,-
BRDA:534,0,5,-
BRDA:534,0,6,-
BRDA:534,0,7,-
BRDA:534,0,8,-
BRDA:534,0,9,-
DA:536,7
BRDA:536,0,0,0
BRDA:536,0,1,7
end_of_record
SF:/usr/include/c++/9/ext/alloc_traits.h
FN:97,_ZN9__gnu_cxx14__alloc_traitsISaIcEcE17_S_select_on_copyERKS1_
FNDA:0,_ZN9__gnu_cxx14__alloc_traitsISaIcEcE17_S_select_on_copyERKS1_
DA:97,0
DA:98,0
end_of_record
SF:/usr/include/c++/9/bits/alloc_traits.h
FN:513,_ZNSt16allocator_traitsISaIcEE37select_on_container_copy_constructionERKS0_
FNDA:0,_ZNSt16allocator_traitsISaIcEE37select_on_container_copy_constructionERKS0_
DA:513,0
DA:514,0
end_of_record
SF:/usr/include/c++/9/iostream
end_of_record
SF:/usr/include/gtest/gtest-printers.h
FN:313,_ZN7testing8internal19FormatForComparisonIbbE6FormatB5cxx11ERKb
FNDA:0,_ZN7testing8internal19FormatForComparisonIbbE6FormatB5cxx11ERKb
FN:377,_ZN7testing8internal33FormatForComparisonFailureMessageIbbEENSt7__cxx1112basic_stringIcSt11char_traitsIcESaIcEEERKT_RKT0_
FNDA:0,_ZN7testing8internal33FormatForComparisonFailureMessageIbbEENSt7__cxx1112basic_stringIcSt11char_traitsIcESaIcEEERKT_RKT0_
FN:531,_ZN7testing8internal7PrintToEbPSo
FNDA:0,_ZN7testing8internal7PrintToEbPSo
FN:670,_ZN7testing8internal16UniversalPrinterIbE5PrintERKbPSo
FNDA:0,_ZN7testing8internal16UniversalPrinterIbE5PrintERKbPSo
FN:796,_ZN7testing8internal21UniversalTersePrinterIbE5PrintERKbPSo
FNDA:0,_ZN7testing8internal21UniversalTersePrinterIbE5PrintERKbPSo
FN:865,_ZN7testing8internal14UniversalPrintIbEEvRKT_PSo
FNDA:0,_ZN7testing8internal14UniversalPrintIbEEvRKT_PSo
FN:915,_ZN7testing13PrintToStringIbEENSt7__cxx1112basic_stringIcSt11char_traitsIcESaIcEEERKT_
FNDA:0,_ZN7testing13PrintToStringIbEENSt7__cxx1112basic_stringIcSt11char_traitsIcESaIcEEERKT_
DA:313,0
DA:314,0
DA:377,0
DA:379,0
DA:531,0
DA:532,0
BRDA:532,0,0,-
BRDA:532,0,1,-
DA:533,0
DA:670,0
DA:679,0
DA:680,0
DA:796,0
DA:797,0
DA:798,0
DA:865,0
DA:869,0
DA:870,0
DA:915,0
DA:916,0
BRDA:916,0,0,-
BRDA:916,0,1,-
DA:917,0
BRDA:917,0,0,-
BRDA:917,0,1,-
DA:918,0
BRDA:918,0,0,-
BRDA:918,0,1,-
end_of_record
SF:/usr/include/c++/9/bits/unique_ptr.h
FN:75,_ZNKSt14default_deleteINSt7__cxx1112basic_stringIcSt11char_traitsIcESaIcEEEEclEPS5_
FNDA:0,_ZNKSt14default_deleteINSt7__cxx1112basic_stringIcSt11char_traitsIcESaIcEEEEclEPS5_
FN:75,_ZNKSt14default_deleteINSt7__cxx1118basic_stringstreamIcSt11char_traitsIcESaIcEEEEclEPS5_
FNDA:0,_ZNKSt14default_deleteINSt7__cxx1118basic_stringstreamIcSt11char_traitsIcESaIcEEEEclEPS5_
FN:153,_ZNSt15__uniq_ptr_implINSt7__cxx1112basic_stringIcSt11char_traitsIcESaIcEEESt14default_deleteIS5_EE6_M_ptrEv
FNDA:2,_ZNSt15__uniq_ptr_implINSt7__cxx1112basic_stringIcSt11char_traitsIcESaIcEEESt14default_deleteIS5_EE6_M_ptrEv
FN:153,_ZNSt15__uniq_ptr_implINSt7__cxx1118basic_stringstreamIcSt11char_traitsIcESaIcEEESt14default_deleteIS5_EE6_M_ptrEv
FNDA:0,_ZNSt15__uniq_ptr_implINSt7__cxx1118basic_stringstreamIcSt11char_traitsIcESaIcEEESt14default_deleteIS5_EE6_M_ptrEv
FN:154,_ZNKSt15__uniq_ptr_implINSt7__cxx1112basic_stringIcSt11char_traitsIcESaIcEEESt14default_deleteIS5_EE6_M_ptrEv
FNDA:0,_ZNKSt15__uniq_ptr_implINSt7__cxx1112basic_stringIcSt11char_traitsIcESaIcEEESt14default_deleteIS5_EE6_M_ptrEv
FN:155,_ZNSt15__uniq_ptr_implINSt7__cxx1112basic_stringIcSt11char_traitsIcESaIcEEESt14default_deleteIS5_EE10_M_deleterEv
FNDA:0,_ZNSt15__uniq_ptr_implINSt7__cxx1112basic_stringIcSt11char_traitsIcESaIcEEESt14default_deleteIS5_EE10_M_deleterEv
FN:155,_ZNSt15__uniq_ptr_implINSt7__cxx1118basic_stringstreamIcSt11char_traitsIcESaIcEEESt14default_deleteIS5_EE10_M_deleterEv
FNDA:0,_ZNSt15__uniq_ptr_implINSt7__cxx1118basic_stringstreamIcSt11char_traitsIcESaIcEEESt14default_deleteIS5_EE10_M_deleterEv
FN:286,_ZNSt10unique_ptrINSt7__cxx1112basic_stringIcSt11char_traitsIcESaIcEEESt14default_deleteIS5_EED2Ev
FNDA:2,_ZNSt10unique_ptrINSt7__cxx1112basic_stringIcSt11char_traitsIcESaIcEEESt14default_deleteIS5_EED2Ev
FN:286,_ZNSt10unique_ptrINSt7__cxx1118basic_stringstreamIcSt11char_traitsIcESaIcEEESt14default_deleteIS5_EED2Ev
FNDA:0,_ZNSt10unique_ptrINSt7__cxx1118basic_stringstreamIcSt11char_traitsIcESaIcEEESt14default_deleteIS5_EED2Ev
FN:352,_ZNKSt10unique_ptrINSt7__cxx1112basic_stringIcSt11char_traitsIcESaIcEEESt14default_deleteIS5_EEptEv
FNDA:0,_ZNKSt10unique_ptrINSt7__cxx1112basic_stringIcSt11char_traitsIcESaIcEEESt14default_deleteIS5_EEptEv
FN:360,_ZNKSt10unique_ptrINSt7__cxx1112basic_stringIcSt11char_traitsIcESaIcEEESt14default_deleteIS5_EE3getEv
FNDA:0,_ZNKSt10unique_ptrINSt7__cxx1112basic_stringIcSt11char_traitsIcESaIcEEESt14default_deleteIS5_EE3getEv
FN:365,_ZNSt10unique_ptrINSt7__cxx1112basic_stringIcSt11char_traitsIcESaIcEEESt14default_deleteIS5_EE11get_deleterEv
FNDA:0,_ZNSt10unique_ptrINSt7__cxx1112basic_stringIcSt11char_traitsIcESaIcEEESt14default_deleteIS5_EE11get_deleterEv
FN:365,_ZNSt10unique_ptrINSt7__cxx1118basic_stringstreamIcSt11char_traitsIcESaIcEEESt14default_deleteIS5_EE11get_deleterEv
FNDA:0,_ZNSt10unique_ptrINSt7__cxx1118basic_stringstreamIcSt11char_traitsIcESaIcEEESt14default_deleteIS5_EE11get_deleterEv
DA:75,0
DA:81,0
BRDA:81,0,0,-
BRDA:81,0,1,-
DA:82,0
DA:75,0
DA:81,0
BRDA:81,0,0,-
BRDA:81,0,1,-
DA:82,0
DA:153,2
DA:153,0
DA:154,0
DA:155,0
DA:155,0
DA:286,2
DA:290,2
DA:291,2
BRDA:291,0,0,0
BRDA:291,0,1,2
DA:292,0
DA:293,2
DA:294,2
DA:286,0
DA:290,0
DA:291,0
BRDA:291,0,0,-
BRDA:291,0,1,-
DA:292,0
DA:293,0
DA:294,0
DA:352,0
DA:355,0
DA:360,0
DA:361,0
DA:365,0
DA:366,0
DA:365,0
DA:366,0
end_of_record
SF:/usr/include/c++/9/bits/stl_iterator_base_funcs.h
FN:98,_ZSt10__distanceIPcENSt15iterator_traitsIT_E15difference_typeES2_S2_St26random_access_iterator_tag
FNDA:0,_ZSt10__distanceIPcENSt15iterator_traitsIT_E15difference_typeES2_S2_St26random_access_iterator_tag
FN:98,_ZSt10__distanceIPKcENSt15iterator_traitsIT_E15difference_typeES3_S3_St26random_access_iterator_tag
FNDA:0,_ZSt10__distanceIPKcENSt15iterator_traitsIT_E15difference_typeES3_S3_St26random_access_iterator_tag
FN:138,_ZSt8distanceIPcENSt15iterator_traitsIT_E15difference_typeES2_S2_
FNDA:0,_ZSt8distanceIPcENSt15iterator_traitsIT_E15difference_typeES2_S2_
FN:138,_ZSt8distanceIPKcENSt15iterator_traitsIT_E15difference_typeES3_S3_
FNDA:0,_ZSt8distanceIPKcENSt15iterator_traitsIT_E15difference_typeES3_S3_
DA:98,0
DA:104,0
DA:98,0
DA:104,0
DA:138,0
DA:141,0
DA:142,0
DA:138,0
DA:141,0
DA:142,0
end_of_record
SF:/usr/include/c++/9/bits/move.h
FN:99,_ZSt4moveIRPNSt7__cxx1112basic_stringIcSt11char_traitsIcESaIcEEEEONSt16remove_referenceIT_E4typeEOS9_
FNDA:0,_ZSt4moveIRPNSt7__cxx1112basic_stringIcSt11char_traitsIcESaIcEEEEONSt16remove_referenceIT_E4typeEOS9_
FN:99,_ZSt4moveIRPNSt7__cxx1118basic_stringstreamIcSt11char_traitsIcESaIcEEEEONSt16remove_referenceIT_E4typeEOS9_
FNDA:0,_ZSt4moveIRPNSt7__cxx1118basic_stringstreamIcSt11char_traitsIcESaIcEEEEONSt16remove_referenceIT_E4typeEOS9_
FN:99,_ZSt4moveIRSaIcEEONSt16remove_referenceIT_E4typeEOS3_
FNDA:0,_ZSt4moveIRSaIcEEONSt16remove_referenceIT_E4typeEOS3_
DA:99,0
DA:100,0
DA:99,0
DA:100,0
DA:99,0
DA:100,0
end_of_record
SF:/home/hanyuanfei/room/da/ListAndArray/palindromic_test.cpp
FN:5,_ZN45WhetherPalindromicStringTest_EmptyString_Test8TestBodyEv
FNDA:0,_ZN45WhetherPalindromicStringTest_EmptyString_Test8TestBodyEv
FN:5,_ZN45WhetherPalindromicStringTest_EmptyString_TestC2Ev
FNDA:0,_ZN45WhetherPalindromicStringTest_EmptyString_TestC2Ev
FN:12,_ZN53WhetherPalindromicStringTest_PalindromeOddLength_Test8TestBodyEv
FNDA:1,_ZN53WhetherPalindromicStringTest_PalindromeOddLength_Test8TestBodyEv
FN:12,_ZN53WhetherPalindromicStringTest_PalindromeOddLength_TestC2Ev
FNDA:1,_ZN53WhetherPalindromicStringTest_PalindromeOddLength_TestC2Ev
FN:19,_ZN54WhetherPalindromicStringTest_PalindromeEvenLength_Test8TestBodyEv
FNDA:1,_ZN54WhetherPalindromicStringTest_PalindromeEvenLength_Test8TestBodyEv
FN:19,_ZN54WhetherPalindromicStringTest_PalindromeEvenLength_TestC2Ev
FNDA:1,_ZN54WhetherPalindromicStringTest_PalindromeEvenLength_TestC2Ev
FN:26,_ZN47WhetherPalindromicStringTest_NotPalindrome_Test8TestBodyEv
FNDA:0,_ZN47WhetherPalindromicStringTest_NotPalindrome_Test8TestBodyEv
FN:26,_ZN47WhetherPalindromicStringTest_NotPalindrome_TestC2Ev
FNDA:0,_ZN47WhetherPalindromicStringTest_NotPalindrome_TestC2Ev
FN:33,_ZN49WhetherPalindromicStringTest_SingleCharacter_Test8TestBodyEv
FNDA:0,_ZN49WhetherPalindromicStringTest_SingleCharacter_Test8TestBodyEv
FN:33,_ZN49WhetherPalindromicStringTest_SingleCharacter_TestC2Ev
FNDA:0,_ZN49WhetherPalindromicStringTest_SingleCharacter_TestC2Ev
FN:40,_ZN53WhetherPalindromicStringTest_MixedCasePalindrome_Test8TestBodyEv
FNDA:0,_ZN53WhetherPalindromicStringTest_MixedCasePalindrome_Test8TestBodyEv
FN:40,_ZN53WhetherPalindromicStringTest_MixedCasePalindrome_TestC2Ev
FNDA:0,_ZN53WhetherPalindromicStringTest_MixedCasePalindrome_TestC2Ev
FN:47,_ZN53WhetherPalindromicStringTest_WithOtherCharacters_Test8TestBodyEv
FNDA:0,_ZN53WhetherPalindromicStringTest_WithOtherCharacters_Test8TestBodyEv
FN:47,_ZN53WhetherPalindromicStringTest_WithOtherCharacters_TestC2Ev
FNDA:0,_ZN53WhetherPalindromicStringTest_WithOtherCharacters_TestC2Ev
DA:5,0
DA:6,0
BRDA:6,0,0,-
BRDA:6,0,1,-
DA:7,0
DA:8,0
BRDA:8,0,0,-
BRDA:8,0,1,-
BRDA:8,0,2,-
BRDA:8,0,3,-
DA:9,0
BRDA:9,0,0,-
BRDA:9,0,1,-
BRDA:9,0,2,-
BRDA:9,0,3,-
BRDA:9,0,4,-
BRDA:9,0,5,-
BRDA:9,0,6,-
BRDA:9,0,7,-
BRDA:9,0,8,-
BRDA:9,0,9,-
DA:10,0
DA:5,0
DA:12,1
DA:13,2
BRDA:13,0,0,1
BRDA:13,0,1,0
DA:14,1
DA:15,1
BRDA:15,0,0,1
BRDA:15,0,1,0
BRDA:15,0,2,1
BRDA:15,0,3,0
DA:16,1
BRDA:16,0,0,1
BRDA:16,0,1,0
BRDA:16,0,2,0
BRDA:16,0,3,1
BRDA:16,0,4,0
BRDA:16,0,5,0
BRDA:16,0,6,0
BRDA:16,0,7,0
BRDA:16,0,8,0
BRDA:16,0,9,0
DA:17,1
DA:12,1
DA:19,1
DA:20,2
BRDA:20,0,0,1
BRDA:20,0,1,0
DA:21,1
DA:22,1
BRDA:22,0,0,1
BRDA:22,0,1,0
BRDA:22,0,2,1
BRDA:22,0,3,0
DA:23,1
BRDA:23,0,0,1
BRDA:23,0,1,0
BRDA:23,0,2,0
BRDA:23,0,3,1
BRDA:23,0,4,0
BRDA:23,0,5,0
BRDA:23,0,6,0
BRDA:23,0,7,0
BRDA:23,0,8,0
BRDA:23,0,9,0
DA:24,1
DA:19,1
DA:26,0
DA:27,0
BRDA:27,0,0,-
BRDA:27,0,1,-
DA:28,0
DA:29,0
BRDA:29,0,0,-
BRDA:29,0,1,-
BRDA:29,0,2,-
BRDA:29,0,3,-
DA:30,0
BRDA:30,0,0,-
BRDA:30,0,1,-
BRDA:30,0,2,-
BRDA:30,0,3,-
BRDA:30,0,4,-
BRDA:30,0,5,-
BRDA:30,0,6,-
BRDA:30,0,7,-
BRDA:30,0,8,-
BRDA:30,0,9,-
DA:31,0
DA:26,0
DA:33,0
DA:34,0
BRDA:34,0,0,-
BRDA:34,0,1,-
DA:35,0
DA:36,0
BRDA:36,0,0,-
BRDA:36,0,1,-
BRDA:36,0,2,-
BRDA:36,0,3,-
DA:37,0
BRDA:37,0,0,-
BRDA:37,0,1,-
BRDA:37,0,2,-
BRDA:37,0,3,-
BRDA:37,0,4,-
BRDA:37,0,5,-
BRDA:37,0,6,-
BRDA:37,0,7,-
BRDA:37,0,8,-
BRDA:37,0,9,-
DA:38,0
DA:33,0
DA:40,0
DA:41,0
BRDA:41,0,0,-
BRDA:41,0,1,-
DA:42,0
DA:43,0
BRDA:43,0,0,-
BRDA:43,0,1,-
BRDA:43,0,2,-
BRDA:43,0,3,-
DA:44,0
BRDA:44,0,0,-
BRDA:44,0,1,-
BRDA:44,0,2,-
BRDA:44,0,3,-
BRDA:44,0,4,-
BRDA:44,0,5,-
BRDA:44,0,6,-
BRDA:44,0,7,-
BRDA:44,0,8,-
BRDA:44,0,9,-
DA:45,0
DA:40,0
DA:47,0
DA:48,0
BRDA:48,0,0,-
BRDA:48,0,1,-
DA:49,0
DA:50,0
BRDA:50,0,0,-
BRDA:50,0,1,-
BRDA:50,0,2,-
BRDA:50,0,3,-
DA:51,0
BRDA:51,0,0,-
BRDA:51,0,1,-
BRDA:51,0,2,-
BRDA:51,0,3,-
BRDA:51,0,4,-
BRDA:51,0,5,-
BRDA:51,0,6,-
BRDA:51,0,7,-
BRDA:51,0,8,-
BRDA:51,0,9,-
DA:52,0
DA:47,0
end_of_record
SF:/usr/include/c++/9/ext/type_traits.h
FN:152,_ZN9__gnu_cxx17__is_null_pointerIcEEbPT_
FNDA:0,_ZN9__gnu_cxx17__is_null_pointerIcEEbPT_
FN:152,_ZN9__gnu_cxx17__is_null_pointerIKcEEbPT_
FNDA:0,_ZN9__gnu_cxx17__is_null_pointerIKcEEbPT_
DA:152,0
DA:153,0
DA:152,0
DA:153,0
end_of_record
SF:/usr/include/c++/9/bits/char_traits.h
FN:336,_ZNSt11char_traitsIcE6lengthEPKc
FNDA:0,_ZNSt11char_traitsIcE6lengthEPKc
DA:336,0
DA:342,0
end_of_record
SF:/usr/include/gtest/gtest.h
FN:312,_ZNK7testing15AssertionResultcvbEv
FNDA:2,_ZNK7testing15AssertionResultcvbEv
FN:321,_ZNK7testing15AssertionResult7messageEv
FNDA:0,_ZNK7testing15AssertionResult7messageEv
FN:325,_ZNK7testing15AssertionResult15failure_messageEv
FNDA:0,_ZNK7testing15AssertionResult15failure_messageEv
FN:417,_ZN7testing4Test14SetUpTestSuiteEv
FNDA:0,_ZN7testing4Test14SetUpTestSuiteEv
FN:427,_ZN7testing4Test17TearDownTestSuiteEv
FNDA:0,_ZN7testing4Test17TearDownTestSuiteEv
FN:431,_ZN7testing4Test16TearDownTestCaseEv
FNDA:0,_ZN7testing4Test16TearDownTestCaseEv
FN:432,_ZN7testing4Test13SetUpTestCaseEv
FNDA:0,_ZN7testing4Test13SetUpTestCaseEv
FN:513,_ZN7testing4Test5SetupEv
FNDA:0,_ZN7testing4Test5SetupEv
FN:1504,_ZN7testing8internal18CmpHelperEQFailureIbbEENS_15AssertionResultEPKcS4_RKT_RKT0_
FNDA:0,_ZN7testing8internal18CmpHelperEQFailureIbbEENS_15AssertionResultEPKcS4_RKT_RKT0_
FN:1523,_ZN7testing8internal11CmpHelperEQIbbEENS_15AssertionResultEPKcS4_RKT_RKT0_
FNDA:2,_ZN7testing8internal11CmpHelperEQIbbEENS_15AssertionResultEPKcS4_RKT_RKT0_
FN:1551,_ZN7testing8internal8EqHelper7CompareIbbLPv0EEENS_15AssertionResultEPKcS6_RKT_RKT0_
FNDA:2,_ZN7testing8internal8EqHelper7CompareIbbLPv0EEENS_15AssertionResultEPKcS6_RKT_RKT0_
DA:312,2
DA:321,0
DA:322,0
BRDA:322,0,0,-
BRDA:322,0,1,-
DA:325,0
DA:417,0
DA:427,0
DA:431,0
DA:432,0
DA:513,0
DA:1504,0
DA:1511,0
BRDA:1511,0,0,-
BRDA:1511,0,1,-
BRDA:1511,0,2,-
BRDA:1511,0,3,-
DA:1523,2
DA:1527,2
BRDA:1527,0,0,2
BRDA:1527,0,1,0
DA:1528,2
DA:1531,0
DA:1551,2
DA:1554,2
end_of_record
SF:/usr/include/c++/9/ext/new_allocator.h
FN:80,_ZN9__gnu_cxx13new_allocatorIcEC2Ev
FNDA:0,_ZN9__gnu_cxx13new_allocatorIcEC2Ev
FN:83,_ZN9__gnu_cxx13new_allocatorIcEC2ERKS1_
FNDA:0,_ZN9__gnu_cxx13new_allocatorIcEC2ERKS1_
FN:89,_ZN9__gnu_cxx13new_allocatorIcED2Ev
FNDA:0,_ZN9__gnu_cxx13new_allocatorIcED2Ev
DA:80,0
DA:83,0
DA:89,0
end_of_record
SF:/usr/include/gtest/gtest-message.h
end_of_record
SF:/usr/include/c++/9/tuple
FN:113,_ZNSt10_Head_baseILm1ESt14default_deleteINSt7__cxx1118basic_stringstreamIcSt11char_traitsIcESaIcEEEELb1EE7_M_headERS8_
FNDA:0,_ZNSt10_Head_baseILm1ESt14default_deleteINSt7__cxx1118basic_stringstreamIcSt11char_traitsIcESaIcEEEELb1EE7_M_headERS8_
FN:113,_ZNSt10_Head_baseILm1ESt14default_deleteINSt7__cxx1112basic_stringIcSt11char_traitsIcESaIcEEEELb1EE7_M_headERS8_
FNDA:0,_ZNSt10_Head_baseILm1ESt14default_deleteINSt7__cxx1112basic_stringIcSt11char_traitsIcESaIcEEEELb1EE7_M_headERS8_
FN:160,_ZNSt10_Head_baseILm0EPNSt7__cxx1112basic_stringIcSt11char_traitsIcESaIcEEELb0EE7_M_headERS7_
FNDA:2,_ZNSt10_Head_baseILm0EPNSt7__cxx1112basic_stringIcSt11char_traitsIcESaIcEEELb0EE7_M_headERS7_
FN:160,_ZNSt10_Head_baseILm0EPNSt7__cxx1118basic_stringstreamIcSt11char_traitsIcESaIcEEELb0EE7_M_headERS7_
FNDA:0,_ZNSt10_Head_baseILm0EPNSt7__cxx1118basic_stringstreamIcSt11char_traitsIcESaIcEEELb0EE7_M_headERS7_
FN:163,_ZNSt10_Head_baseILm0EPNSt7__cxx1112basic_stringIcSt11char_traitsIcESaIcEEELb0EE7_M_headERKS7_
FNDA:0,_ZNSt10_Head_baseILm0EPNSt7__cxx1112basic_stringIcSt11char_traitsIcESaIcEEELb0EE7_M_headERKS7_
FN:195,_ZNSt11_Tuple_implILm0EJPNSt7__cxx1112basic_stringIcSt11char_traitsIcESaIcEEESt14default_deleteIS5_EEE7_M_headERS9_
FNDA:2,_ZNSt11_Tuple_implILm0EJPNSt7__cxx1112basic_stringIcSt11char_traitsIcESaIcEEESt14default_deleteIS5_EEE7_M_headERS9_
FN:195,_ZNSt11_Tuple_implILm0EJPNSt7__cxx1118basic_stringstreamIcSt11char_traitsIcESaIcEEESt14default_deleteIS5_EEE7_M_headERS9_
FNDA:0,_ZNSt11_Tuple_implILm0EJPNSt7__cxx1118basic_stringstreamIcSt11char_traitsIcESaIcEEESt14default_deleteIS5_EEE7_M_headERS9_
FN:198,_ZNSt11_Tuple_implILm0EJPNSt7__cxx1112basic_stringIcSt11char_traitsIcESaIcEEESt14default_deleteIS5_EEE7_M_headERKS9_
FNDA:0,_ZNSt11_Tuple_implILm0EJPNSt7__cxx1112basic_stringIcSt11char_traitsIcESaIcEEESt14default_deleteIS5_EEE7_M_headERKS9_
FN:334,_ZNSt11_Tuple_implILm1EJSt14default_deleteINSt7__cxx1112basic_stringIcSt11char_traitsIcESaIcEEEEEE7_M_headERS8_
FNDA:0,_ZNSt11_Tuple_implILm1EJSt14default_deleteINSt7__cxx1112basic_stringIcSt11char_traitsIcESaIcEEEEEE7_M_headERS8_
FN:334,_ZNSt11_Tuple_implILm1EJSt14default_deleteINSt7__cxx1118basic_stringstreamIcSt11char_traitsIcESaIcEEEEEE7_M_headERS8_
FNDA:0,_ZNSt11_Tuple_implILm1EJSt14default_deleteINSt7__cxx1118basic_stringstreamIcSt11char_traitsIcESaIcEEEEEE7_M_headERS8_
FN:1309,_ZSt12__get_helperILm1ESt14default_deleteINSt7__cxx1118basic_stringstreamIcSt11char_traitsIcESaIcEEEEJEERT0_RSt11_Tuple_implIXT_EJS8_DpT1_EE
FNDA:0,_ZSt12__get_helperILm1ESt14default_deleteINSt7__cxx1118basic_stringstreamIcSt11char_traitsIcESaIcEEEEJEERT0_RSt11_Tuple_implIXT_EJS8_DpT1_EE
FN:1309,_ZSt12__get_helperILm0EPNSt7__cxx1118basic_stringstreamIcSt11char_traitsIcESaIcEEEJSt14default_deleteIS5_EEERT0_RSt11_Tuple_implIXT_EJS9_DpT1_EE
FNDA:0,_ZSt12__get_helperILm0EPNSt7__cxx1118basic_stringstreamIcSt11char_traitsIcESaIcEEEJSt14default_deleteIS5_EEERT0_RSt11_Tuple_implIXT_EJS9_DpT1_EE
FN:1309,_ZSt12__get_helperILm0EPNSt7__cxx1112basic_stringIcSt11char_traitsIcESaIcEEEJSt14default_deleteIS5_EEERT0_RSt11_Tuple_implIXT_EJS9_DpT1_EE
FNDA:2,_ZSt12__get_helperILm0EPNSt7__cxx1112basic_stringIcSt11char_traitsIcESaIcEEEJSt14default_deleteIS5_EEERT0_RSt11_Tuple_implIXT_EJS9_DpT1_EE
FN:1309,_ZSt12__get_helperILm1ESt14default_deleteINSt7__cxx1112basic_stringIcSt11char_traitsIcESaIcEEEEJEERT0_RSt11_Tuple_implIXT_EJS8_DpT1_EE
FNDA:0,_ZSt12__get_helperILm1ESt14default_deleteINSt7__cxx1112basic_stringIcSt11char_traitsIcESaIcEEEEJEERT0_RSt11_Tuple_implIXT_EJS8_DpT1_EE
FN:1314,_ZSt12__get_helperILm0EPNSt7__cxx1112basic_stringIcSt11char_traitsIcESaIcEEEJSt14default_deleteIS5_EEERKT0_RKSt11_Tuple_implIXT_EJS9_DpT1_EE
FNDA:0,_ZSt12__get_helperILm0EPNSt7__cxx1112basic_stringIcSt11char_traitsIcESaIcEEEJSt14default_deleteIS5_EEERKT0_RKSt11_Tuple_implIXT_EJS9_DpT1_EE
FN:1320,_ZSt3getILm1EJPNSt7__cxx1112basic_stringIcSt11char_traitsIcESaIcEEESt14default_deleteIS5_EEERNSt13tuple_elementIXT_ESt5tupleIJDpT0_EEE4typeERSD_
FNDA:0,_ZSt3getILm1EJPNSt7__cxx1112basic_stringIcSt11char_traitsIcESaIcEEESt14default_deleteIS5_EEERNSt13tuple_elementIXT_ESt5tupleIJDpT0_EEE4typeERSD_
FN:1320,_ZSt3getILm1EJPNSt7__cxx1118basic_stringstreamIcSt11char_traitsIcESaIcEEESt14default_deleteIS5_EEERNSt13tuple_elementIXT_ESt5tupleIJDpT0_EEE4typeERSD_
FNDA:0,_ZSt3getILm1EJPNSt7__cxx1118basic_stringstreamIcSt11char_traitsIcESaIcEEESt14default_deleteIS5_EEERNSt13tuple_elementIXT_ESt5tupleIJDpT0_EEE4typeERSD_
FN:1320,_ZSt3getILm0EJPNSt7__cxx1112basic_stringIcSt11char_traitsIcESaIcEEESt14default_deleteIS5_EEERNSt13tuple_elementIXT_ESt5tupleIJDpT0_EEE4typeERSD_
FNDA:2,_ZSt3getILm0EJPNSt7__cxx1112basic_stringIcSt11char_traitsIcESaIcEEESt14default_deleteIS5_EEERNSt13tuple_elementIXT_ESt5tupleIJDpT0_EEE4typeERSD_
FN:1320,_ZSt3getILm0EJPNSt7__cxx1118basic_stringstreamIcSt11char_traitsIcESaIcEEESt14default_deleteIS5_EEERNSt13tuple_elementIXT_ESt5tupleIJDpT0_EEE4typeERSD_
FNDA:0,_ZSt3getILm0EJPNSt7__cxx1118basic_stringstreamIcSt11char_traitsIcESaIcEEESt14default_deleteIS5_EEERNSt13tuple_elementIXT_ESt5tupleIJDpT0_EEE4typeERSD_
FN:1326,_ZSt3getILm0EJPNSt7__cxx1112basic_stringIcSt11char_traitsIcESaIcEEESt14default_deleteIS5_EEERKNSt13tuple_elementIXT_ESt5tupleIJDpT0_EEE4typeERKSD_
FNDA:0,_ZSt3getILm0EJPNSt7__cxx1112basic_stringIcSt11char_traitsIcESaIcEEESt14default_deleteIS5_EEERKNSt13tuple_elementIXT_ESt5tupleIJDpT0_EEE4typeERKSD_
DA:113,0
DA:113,0
DA:160,2
DA:160,0
DA:163,0
DA:195,2
DA:195,0
DA:198,0
DA:334,0
DA:334,0
DA:1309,0
DA:1310,0
DA:1309,0
DA:1310,0
DA:1309,2
DA:1310,2
DA:1309,0
DA:1310,0
DA:1314,0
DA:1315,0
DA:1320,0
DA:1321,0
DA:1320,0
DA:1321,0
DA:1320,2
DA:1321,2
DA:1320,0
DA:1321,0
DA:1326,0
DA:1327,0
end_of_record
SF:/usr/include/gtest/internal/gtest-port.h
FN:957,_ZN7testing8internal8GTestLog9GetStreamEv
FNDA:0,_ZN7testing8internal8GTestLog9GetStreamEv
DA:957,0
end_of_record
SF:/usr/include/c++/9/bits/basic_string.tcc
FN:206,_ZNSt7__cxx1112basic_stringIcSt11char_traitsIcESaIcEE12_M_constructIPcEEvT_S7_St20forward_iterator_tag
FNDA:0,_ZNSt7__cxx1112basic_stringIcSt11char_traitsIcESaIcEE12_M_constructIPcEEvT_S7_St20forward_iterator_tag
FN:206,_ZNSt7__cxx1112basic_stringIcSt11char_traitsIcESaIcEE12_M_constructIPKcEEvT_S8_St20forward_iterator_tag
FNDA:0,_ZNSt7__cxx1112basic_stringIcSt11char_traitsIcESaIcEE12_M_constructIPKcEEvT_S8_St20forward_iterator_tag
DA:206,0
DA:211,0
BRDA:211,0,0,-
BRDA:211,0,1,-
BRDA:211,0,2,-
BRDA:211,0,3,-
BRDA:211,0,4,-
BRDA:211,0,5,-
DA:212,0
DA:215,0
BRDA:215,0,0,-
BRDA:215,0,1,-
DA:217,0
BRDA:217,0,0,-
BRDA:217,0,1,-
DA:219,0
BRDA:219,0,0,-
BRDA:219,0,1,-
BRDA:219,0,2,-
BRDA:219,0,3,-
DA:220,0
BRDA:220,0,0,-
BRDA:220,0,1,-
DA:225,0
BRDA:225,0,0,-
BRDA:225,0,1,-
DA:226,0
DA:228,0
BRDA:228,0,0,0
BRDA:228,0,1,0
DA:229,0
DA:232,0
BRDA:232,0,0,-
BRDA:232,0,1,-
DA:233,0
DA:206,0
DA:211,0
BRDA:211,0,0,-
BRDA:211,0,1,-
BRDA:211,0,2,-
BRDA:211,0,3,-
BRDA:211,0,4,-
BRDA:211,0,5,-
DA:212,0
DA:215,0
BRDA:215,0,0,-
BRDA:215,0,1,-
DA:217,0
BRDA:217,0,0,-
BRDA:217,0,1,-
DA:219,0
BRDA:219,0,0,-
BRDA:219,0,1,-
BRDA:219,0,2,-
BRDA:219,0,3,-
DA:220,0
BRDA:220,0,0,-
BRDA:220,0,1,-
DA:225,0
BRDA:225,0,0,-
BRDA:225,0,1,-
DA:226,0
DA:228,0
BRDA:228,0,0,0
BRDA:228,0,1,0
DA:229,0
DA:232,0
BRDA:232,0,0,-
BRDA:232,0,1,-
DA:233,0
end_of_record
TN:
SF:/usr/include/c++/9/iostream
end_of_record
SF:/home/hanyuanfei/room/da/ListAndArray/palindromic.cpp
FN:7,_Z24whetherPalindromicStringNSt7__cxx1112basic_stringIcSt11char_traitsIcESaIcEEE
FNDA:2,_Z24whetherPalindromicStringNSt7__cxx1112basic_stringIcSt11char_traitsIcESaIcEEE
DA:7,2
DA:8,2
DA:9,2
DA:10,6
BRDA:10,0,0,4
BRDA:10,0,1,2
DA:11,4
BRDA:11,0,0,4
BRDA:11,0,1,0
BRDA:11,0,2,0
BRDA:11,0,3,4
BRDA:11,0,4,0
BRDA:11,0,5,4
DA:12,0
DA:14,4
BRDA:14,0,0,4
BRDA:14,0,1,0
BRDA:14,0,2,0
BRDA:14,0,3,4
BRDA:14,0,4,0
BRDA:14,0,5,4
DA:15,0
DA:17,4
BRDA:17,0,0,0
BRDA:17,0,1,4
DA:18,0
DA:20,4
DA:21,4
DA:24,2
end_of_record
